Selected resolution: 3840x2160
Destination directory: /home/benmorse/Pictures/UHD/
Threads: 4
[-] Skipped 04094_incoming_3840x2160.jpg (already exists)
[-] Skipped 04093_whimsical_3840x2160.jpg (already exists)
[-] Skipped 04092_misty_3840x2160.jpg (already exists)
[-] Skipped 04091_hafencityhamburg_3840x2160.jpg (already exists)
[-] Skipped 04090_bacuitbaysunset_3840x2160.jpg (already exists)
[-] Skipped 04089_desertstorm_3840x2160.jpg (already exists)
[-] Skipped 04088_thebirthplaceofrivendell_3840x2160.jpg (already exists)
[-] Skipped 04087_riomaggioreatsunset_3840x2160.jpg (already exists)
[-] Skipped 04086_queenstownfrombobspeak_3840x2160.jpg (already exists)
[-] Skipped 04085_glowingsummit_3840x2160.jpg (already exists)
[-] Skipped 04084_majesty_3840x2160.jpg (already exists)
[-] Skipped 04083_seemsignored_3840x2160.jpg (already exists)
[-] Skipped 04082_vermillionlakestars_3840x2160.jpg (already exists)
[-] Skipped 04081_lagoonnebula_3840x2160.jpg (already exists)
[-] Skipped 04080_brooklynbridgepark_3840x2160.jpg (already exists)
[-] Skipped 04079_bachalpsee_3840x2160.jpg (already exists)
[-] Skipped 04078_tothemountains_3840x2160.jpg (already exists)
[-] Skipped 04077_monuments_3840x2160.jpg (already exists)
[-] Skipped 04076_menhirstation_3840x2160.jpg (already exists)
[-] Skipped 04075_foggysunsetinfrance_3840x2160.jpg (already exists)
[-] Skipped 04074_butterfly_3840x2160.jpg (already exists)
[-] Skipped 04073_scottishbeach_3840x2160.jpg (already exists)
[-] Skipped 04072_milfordsoundsunset_3840x2160.jpg (already exists)
[-] Skipped 04071_posbanksunrise_3840x2160.jpg (already exists)
[-] Skipped 04070_stillness_3840x2160.jpg (already exists)
[-] Skipped 04069_tournesol_3840x2160.jpg (already exists)
[-] Skipped 04068_lameije_3840x2160.jpg (already exists)
[-] Skipped 04067_coulee_3840x2160.jpg (already exists)
[-] Skipped 04066_dorsetdurdledoor_3840x2160.jpg (already exists)
[-] Skipped 04065_karacaorenlakeburdurturkey_3840x2160.jpg (already exists)
